0 info it worked if it ends with ok
1 verbose cli [ '/Users/kos/.nvm/versions/node/v6.9.1/bin/node',
1 verbose cli   '/Users/kos/.nvm/versions/node/v6.9.1/bin/npm',
1 verbose cli   'run',
1 verbose cli   'mocha' ]
2 info using npm@3.10.8
3 info using node@v6.9.1
4 verbose run-script [ 'premocha', 'mocha', 'postmocha' ]
5 info lifecycle eris-contracts@1.0.0~premocha: eris-contracts@1.0.0
6 silly lifecycle eris-contracts@1.0.0~premocha: no script for premocha, continuing
7 info lifecycle eris-contracts@1.0.0~mocha: eris-contracts@1.0.0
8 verbose lifecycle eris-contracts@1.0.0~mocha: unsafe-perm in lifecycle true
9 verbose lifecycle eris-contracts@1.0.0~mocha: PATH: /Users/kos/.nvm/versions/node/v6.9.1/lib/node_modules/npm/bin/node-gyp-bin:/Volumes/Repos/Coding/vulcanize/eris-contracts/node_modules/.bin:/Users/kos/.rvm/gems/ruby-2.1.2/bin:/Users/kos/.rvm/gems/ruby-2.1.2@global/bin:/Users/kos/.rvm/rubies/ruby-2.1.2/bin:/Users/kos/.nvm/versions/node/v6.9.1/bin:/usr/local/bin:/usr/bin:/bin:/usr/sbin:/sbin:/Users/kos/.vimpkg/bin:/Volumes/Repos/adt-bundle-mac-x86_64-20140321/sdk/platform-tools:/Volumes/Repos/adt-bundle-mac-x86_64-20140321/sdk/tools:/Users/kos/.rvm/bin
10 verbose lifecycle eris-contracts@1.0.0~mocha: CWD: /Volumes/Repos/Coding/vulcanize/eris-contracts
11 silly lifecycle eris-contracts@1.0.0~mocha: Args: [ '-c', 'NODE_ENV=testing ./node_modules/mocha/bin/mocha' ]
12 silly lifecycle eris-contracts@1.0.0~mocha: Returned: code: 1  signal: null
13 info lifecycle eris-contracts@1.0.0~mocha: Failed to exec mocha script
14 verbose stack Error: eris-contracts@1.0.0 mocha: `NODE_ENV=testing ./node_modules/mocha/bin/mocha`
14 verbose stack Exit status 1
14 verbose stack     at EventEmitter.<anonymous> (/Users/kos/.nvm/versions/node/v6.9.1/lib/node_modules/npm/lib/utils/lifecycle.js:255:16)
14 verbose stack     at emitTwo (events.js:106:13)
14 verbose stack     at EventEmitter.emit (events.js:191:7)
14 verbose stack     at ChildProcess.<anonymous> (/Users/kos/.nvm/versions/node/v6.9.1/lib/node_modules/npm/lib/utils/spawn.js:40:14)
14 verbose stack     at emitTwo (events.js:106:13)
14 verbose stack     at ChildProcess.emit (events.js:191:7)
14 verbose stack     at maybeClose (internal/child_process.js:877:16)
14 verbose stack     at Process.ChildProcess._handle.onexit (internal/child_process.js:226:5)
15 verbose pkgid eris-contracts@1.0.0
16 verbose cwd /Volumes/Repos/Coding/vulcanize/eris-contracts
17 error Darwin 15.6.0
18 error argv "/Users/kos/.nvm/versions/node/v6.9.1/bin/node" "/Users/kos/.nvm/versions/node/v6.9.1/bin/npm" "run" "mocha"
19 error node v6.9.1
20 error npm  v3.10.8
21 error code ELIFECYCLE
22 error eris-contracts@1.0.0 mocha: `NODE_ENV=testing ./node_modules/mocha/bin/mocha`
22 error Exit status 1
23 error Failed at the eris-contracts@1.0.0 mocha script 'NODE_ENV=testing ./node_modules/mocha/bin/mocha'.
23 error Make sure you have the latest version of node.js and npm installed.
23 error If you do, this is most likely a problem with the eris-contracts package,
23 error not with npm itself.
23 error Tell the author that this fails on your system:
23 error     NODE_ENV=testing ./node_modules/mocha/bin/mocha
23 error You can get information on how to open an issue for this project with:
23 error     npm bugs eris-contracts
23 error Or if that isn't available, you can get their info via:
23 error     npm owner ls eris-contracts
23 error There is likely additional logging output above.
24 verbose exit [ 1, true ]
